<?xml version="1.0" encoding="UTF-8"?>
<!-- Generated by org.testng.reporters.JUnitXMLReporter -->
<testsuite ignored="0" hostname="Sayid" failures="0" tests="4" name="SignIn" time="15.654" errors="0" timestamp="2023-09-20T12:06:12 BDT">
  <testcase classname="com.Rokomari.tests.SignInWithGoogleTest" name="SignIn" time="5.079"/>
  <testcase classname="com.Rokomari.tests.SignInWithGoogleTest" name="SignInButton" time="0.036"/>
  <testcase classname="com.Rokomari.tests.SignInWithGoogleTest" name="SignInWithGoogleButton" time="0.051"/>
  <testcase classname="com.Rokomari.tests.SignInWithGoogleTest" name="SignInWithGooglePOpUp" time="6.845"/>
</testsuite> <!-- SignIn -->
