<?xml version="1.0" encoding="UTF-8"?>
<!-- Generated by org.testng.reporters.JUnitXMLReporter -->
<testsuite ignored="0" hostname="Sayid" failures="0" tests="4" name="writer Page" time="0.066" errors="0" timestamp="2023-09-20T12:06:12 BDT">
  <testcase classname="com.Rokomari.tests.WriterPageTest" name="Checbox" time="0.011"/>
  <testcase classname="com.Rokomari.tests.WriterPageTest" name="NextPage" time="0.014"/>
  <testcase classname="com.Rokomari.tests.WriterPageTest" name="AddCart" time="0.015"/>
  <testcase classname="com.Rokomari.tests.WriterPageTest" name="Cart" time="0.015"/>
</testsuite> <!-- writer Page -->
